Vivado Simulator 2017.4
Copyright 1986-1999, 2001-2016 Xilinx, Inc. All Rights Reserved.
Running: C:/Xilinx/Vivado/2017.4/bin/unwrapped/win64.o/xelab.exe -wto b0d3ffdeb47a42e09e875fc1a52a3459 --incr --debug typical --relax --mt 2 -L xil_defaultlib -L unisims_ver -L unimacro_ver -L secureip --snapshot tb_top_module_behav xil_defaultlib.tb_top_module xil_defaultlib.glbl -log elaborate.log 
Using 2 slave threads.
Starting static elaboration
Completed static elaboration
Starting simulation data flow analysis
Completed simulation data flow analysis
Time Resolution for simulation is 1ps
Compiling module xil_defaultlib.ss_toggle
Compiling module xil_defaultlib.clkdiv_refresh
Compiling module xil_defaultlib.clk_div_count
Compiling module xil_defaultlib.up_counter
Compiling module xil_defaultlib.down_counter
Compiling module xil_defaultlib.hex_to_7seg
Compiling module xil_defaultlib.disp_fsm
Compiling module xil_defaultlib.top_module
Compiling module xil_defaultlib.tb_top_module
Compiling module xil_defaultlib.glbl
Built simulation snapshot tb_top_module_behav
